\BOOKMARK [1][-]{section.1}{Introduction}{}% 1
\BOOKMARK [1][-]{section.2}{Design}{}% 2
\BOOKMARK [2][-]{subsection.2.1}{Overview}{section.2}% 3
\BOOKMARK [2][-]{subsection.2.2}{Scintillator Paddles}{section.2}% 4
\BOOKMARK [2][-]{subsection.2.3}{Support Structure}{section.2}% 5
\BOOKMARK [2][-]{subsection.2.4}{SiPM Readout Detectors}{section.2}% 6
\BOOKMARK [2][-]{subsection.2.5}{Readout Electronics}{section.2}% 7
\BOOKMARK [1][-]{section.3}{Simulation}{}% 8
\BOOKMARK [2][-]{subsection.3.1}{Simulating a Simplified Model of the ST}{section.3}% 9
\BOOKMARK [2][-]{subsection.3.2}{Simulating Machined Scintillator Geometry}{section.3}% 10
\BOOKMARK [1][-]{section.4}{Misalignment Studies}{}% 11
\BOOKMARK [2][-]{subsection.4.1}{Experimental Set-up}{section.4}% 12
\BOOKMARK [2][-]{subsection.4.2}{Vertical Alignment of SiPM \046 Scintillator}{section.4}% 13
\BOOKMARK [2][-]{subsection.4.3}{Coupling Distance of SiPM \046 Scintillator}{section.4}% 14
\BOOKMARK [1][-]{section.5}{Fabrication}{}% 15
\BOOKMARK [2][-]{subsection.5.1}{Polishing Machined Scintillators}{section.5}% 16
\BOOKMARK [2][-]{subsection.5.2}{Testing Machined Scintillators}{section.5}% 17
\BOOKMARK [2][-]{subsection.5.3}{Assembly}{section.5}% 18
\BOOKMARK [1][-]{section.6}{Calibration}{}% 19
\BOOKMARK [2][-]{subsection.6.1}{Time-Walk Correction}{section.6}% 20
\BOOKMARK [2][-]{subsection.6.2}{Propagation Time Corrections}{section.6}% 21
\BOOKMARK [2][-]{subsection.6.3}{Attenuation Corrections}{section.6}% 22
\BOOKMARK [1][-]{section.7}{Acknowledgments}{}% 23
